<?xml version="1.0" encoding="UTF-8"?>
<testsuites>
  <testsuite name="C:\xampp\htdocs\code\phpunit.xml.dist" tests="11" assertions="14" errors="4" failures="1" skipped="0" time="0.128851">
    <testsuite name="App" tests="11" assertions="14" errors="4" failures="1" skipped="0" time="0.128851">
      <testsuite name="App\Tests\ProdutoControllerTest" file="C:\xampp\htdocs\code\tests\Controllers\ProdutoControllerTest.php" tests="6" assertions="7" errors="4" failures="1" skipped="0" time="0.080873">
        <testcase name="testIndexWithFilters" file="C:\xampp\htdocs\code\tests\Controllers\ProdutoControllerTest.php" line="37" class="App\Tests\ProdutoControllerTest" classname="App.Tests.ProdutoControllerTest" assertions="0" time="0.055197">
          <error type="ErrorException">App\Tests\ProdutoControllerTest::testIndexWithFilters&#13;
ErrorException: Undefined property: App\Tests\ProdutoControllerTest::$request
&#13;
C:\xampp\htdocs\code\tests\Controllers\ProdutoControllerTest.php:39</error>
        </testcase>
        <testcase name="testCreate" file="C:\xampp\htdocs\code\tests\Controllers\ProdutoControllerTest.php" line="70" class="App\Tests\ProdutoControllerTest" classname="App.Tests.ProdutoControllerTest" assertions="4" time="0.015741"/>
        <testcase name="testStore" file="C:\xampp\htdocs\code\tests\Controllers\ProdutoControllerTest.php" line="85" class="App\Tests\ProdutoControllerTest" classname="App.Tests.ProdutoControllerTest" assertions="0" time="0.001484">
          <error type="ErrorException">App\Tests\ProdutoControllerTest::testStore&#13;
ErrorException: Undefined property: App\Tests\ProdutoControllerTest::$request
&#13;
C:\xampp\htdocs\code\tests\Controllers\ProdutoControllerTest.php:87</error>
        </testcase>
        <testcase name="testEdit" file="C:\xampp\htdocs\code\tests\Controllers\ProdutoControllerTest.php" line="106" class="App\Tests\ProdutoControllerTest" classname="App.Tests.ProdutoControllerTest" assertions="1" time="0.003902">
          <error type="ErrorException">App\Tests\ProdutoControllerTest::testEdit&#13;
ErrorException: Undefined array key "descricao"
&#13;
C:\xampp\htdocs\code\app\Views\produtos\edit.php:11
C:\xampp\htdocs\code\system\View\View.php:224
C:\xampp\htdocs\code\system\View\View.php:227
C:\xampp\htdocs\code\system\Common.php:1173
C:\xampp\htdocs\code\app\Controllers\ProdutoController.php:102
C:\xampp\htdocs\code\tests\Controllers\ProdutoControllerTest.php:119</error>
        </testcase>
        <testcase name="testUpdate" file="C:\xampp\htdocs\code\tests\Controllers\ProdutoControllerTest.php" line="127" class="App\Tests\ProdutoControllerTest" classname="App.Tests.ProdutoControllerTest" assertions="0" time="0.001284">
          <error type="ErrorException">App\Tests\ProdutoControllerTest::testUpdate&#13;
ErrorException: Undefined property: App\Tests\ProdutoControllerTest::$request
&#13;
C:\xampp\htdocs\code\tests\Controllers\ProdutoControllerTest.php:129</error>
        </testcase>
        <testcase name="testDelete" file="C:\xampp\htdocs\code\tests\Controllers\ProdutoControllerTest.php" line="148" class="App\Tests\ProdutoControllerTest" classname="App.Tests.ProdutoControllerTest" assertions="2" time="0.003265">
          <failure type="PHPUnit\Framework\ExpectationFailedException">App\Tests\ProdutoControllerTest::testDelete&#13;
Failed asserting that an instance of class CodeIgniter\HTTP\RedirectResponse is an instance of class CodeIgniter\Test\Mock\MockResponse.
&#13;
C:\xampp\htdocs\code\tests\Controllers\ProdutoControllerTest.php:155</failure>
        </testcase>
      </testsuite>
      <testsuite name="ExampleDatabaseTest" file="C:\xampp\htdocs\code\tests\database\ExampleDatabaseTest.php" tests="2" assertions="3" errors="0" failures="0" skipped="0" time="0.038162">
        <testcase name="testModelFindAll" file="C:\xampp\htdocs\code\tests\database\ExampleDatabaseTest.php" line="17" class="ExampleDatabaseTest" classname="ExampleDatabaseTest" assertions="1" time="0.022765"/>
        <testcase name="testSoftDeleteLeavesRow" file="C:\xampp\htdocs\code\tests\database\ExampleDatabaseTest.php" line="28" class="ExampleDatabaseTest" classname="ExampleDatabaseTest" assertions="2" time="0.015397"/>
      </testsuite>
      <testsuite name="ExampleSessionTest" file="C:\xampp\htdocs\code\tests\session\ExampleSessionTest.php" tests="1" assertions="1" errors="0" failures="0" skipped="0" time="0.003441">
        <testcase name="testSessionSimple" file="C:\xampp\htdocs\code\tests\session\ExampleSessionTest.php" line="10" class="ExampleSessionTest" classname="ExampleSessionTest" assertions="1" time="0.003441"/>
      </testsuite>
      <testsuite name="HealthTest" file="C:\xampp\htdocs\code\tests\unit\HealthTest.php" tests="2" assertions="3" errors="0" failures="0" skipped="0" time="0.006376">
        <testcase name="testIsDefinedAppPath" file="C:\xampp\htdocs\code\tests\unit\HealthTest.php" line="12" class="HealthTest" classname="HealthTest" assertions="1" time="0.001144"/>
        <testcase name="testBaseUrlHasBeenSet" file="C:\xampp\htdocs\code\tests\unit\HealthTest.php" line="17" class="HealthTest" classname="HealthTest" assertions="2" time="0.005232"/>
      </testsuite>
    </testsuite>
  </testsuite>
</testsuites>
